[    0.000000] Linux version 4.15.0-212-generic (buildd@lcy02-amd64-083) (gcc version 7.5.0 (Ubuntu 7.5.0-3ubuntu1[34730.716639] e1000 0000:00:08.0 enp0s8: Reset adapter
untu 4.15.0-212.223-generic 4.15.18)
[    0.000000] Command line: BOOT_IMAGE=/boot/vmlinuz-4.15.0-212-generic root=LABEL=cloudimg-rootfs ro console=tty1 console=ttyS0
[    0.000000] KERNEL supported cpus:
[    0.000000]   Intel GenuineIntel
[    0.000000]   AMD AuthenticAMD
[    0.000000]   Centaur CentaurHauls
[    0.000000] x86/fpu: Supporting XSAVE feature 0x001: 'x87 floating point registers'
[    0.000000] x86/fpu: Supporting XSAVE feature 0x002: 'SSE registers'
[    0.000000] x86/fpu: Supporting XSAVE feature 0x004: 'AVX registers'
[    0.000000] x86/fpu: xstate_offset[2]:  576, xstate_sizes[2]:  256
[    0.000000] x86/fpu: Enabled xstate features 0x7, context size is 832 bytes, using 'standard' format.
[    0.000000] e820: BIOS-provided physical RAM map:
[    0.000000] BIOS-e820: [mem 0x0000000000000000-0x000000000009fbff] usable
[    0.000000] BIOS-e820: [mem 0x000000000009fc00-0x000000000009ffff] reserved
[    0.000000] BIOS-e820: [mem 0x00000000000f0000-0x00000000000fffff] reserved
[    0.000000] BIOS-e820: [mem 0x0000000000100000-0x000000007ffeffff] usable
[    0.000000] BIOS-e820: [mem 0x000000007fff0000-0x000000007fffffff] ACPI data
[    0.000000] BIOS-e820: [mem 0x00000000fec00000-0x00000000fec00fff] reserved
[    0.000000] BIOS-e820: [mem 0x00000000fee00000-0x00000000fee00fff] reserved
[    0.000000] BIOS-e820: [mem 0x00000000fffc0000-0x00000000ffffffff] reserved
[    0.000000] NX (Execute Disable) protection: active
[    0.000000] SMBIOS 2.5 present.
[    0.000000] DMI: innotek GmbH VirtualBox/VirtualBox, BIOS VirtualBox 12/01/2006
[    0.000000] Hypervisor detected: KVM
[    0.000000] e820: last_pfn = 0x7fff0 max_arch_pfn = 0x400000000
[    0.000000] MTRR: Disabled
[    0.000000] x86/PAT: MTRRs disabled, skipping PAT initialization too.
[    0.000000] CPU MTRRs all blank - virtualized system.
[    0.000000] x86/PAT: Configuration [0-7]: WB  WT  UC- UC  WB  WT  UC- UC  
[    0.000000] found SMP MP-table at [mem 0x0009fff0-0x0009ffff]
[    0.000000] Scanning 1 areas for low memory corruption
[    0.000000] RAMDISK: [mem 0x359cb000-0x36cdcfff]
[    0.000000] ACPI: Early table checksum verification disabled
[    0.000000] ACPI: RSDP 0x00000000000E0000 000024 (v02 VBOX  )
[    0.000000] ACPI: XSDT 0x000000007FFF0030 00003C (v01 VBOX   VBOXXSDT 00000001 ASL  00000061)
[    0.000000] ACPI: FACP 0x000000007FFF00F0 0000F4 (v04 VBOX   VBOXFACP 00000001 ASL  00000061)
[    0.000000] ACPI: DSDT 0x000000007FFF0610 002353 (v02 VBOX   VBOXBIOS 00000002 INTL 20190509)
[    0.000000] ACPI: FACS 0x000000007FFF0200 000040
[    0.000000] ACPI: FACS 0x000000007FFF0200 000040
[    0.000000] ACPI: APIC 0x000000007FFF0240 00005C (v02 VBOX   VBOXAPIC 00000001 ASL  00000061)
[    0.000000] ACPI: SSDT 0x000000007FFF02A0 00036C (v01 VBOX   VBOXCPUT 00000002 INTL 20190509)
[    0.000000] ACPI: Reserving FACP table memory at [mem 0x7fff00f0-0x7fff01e3]
[    0.000000] ACPI: Reserving DSDT table memory at [mem 0x7fff0610-0x7fff2962]
[    0.000000] ACPI: Reserving FACS table memory at [mem 0x7fff0200-0x7fff023f]
[    0.000000] ACPI: Reserving FACS table memory at [mem 0x7fff0200-0x7fff023f]
[    0.000000] ACPI: Reserving APIC table memory at [mem 0x7fff0240-0x7fff029b]
[    0.000000] ACPI: Reserving SSDT table memory at [mem 0x7fff02a0-0x7fff060b]
[    0.000000] No NUMA configuration found
[    0.000000] Faking a node at [mem 0x0000000000000000-0x000000007ffeffff]
[    0.000000] NODE_DATA(0) allocated [mem 0x7ffc5000-0x7ffeffff]
[    0.000000] kvm-clock: cpu 0, msr 0:7ff44001, primary cpu clock
[    0.000000] kvm-clock: Using msrs 4b564d01 and 4b564d00
[    0.000000] kvm-clock: using sched offset of 3092123704 cycles
[    0.000000] clocksource: kvm-clock: mask: 0xffffffffffffffff max_cycles: 0x1cd42e4dffb, max_idle_ns: 881590591483 ns
[    0.000000] Zone ranges:
[    0.000000]   DMA      [mem 0x0000000000001000-0x0000000000ffffff]
[    0.000000]   DMA32    [mem 0x0000000001000000-0x000000007ffeffff]
[    0.000000]   Normal   empty
[    0.000000]   Device   empty
[    0.000000] Movable zone start for each node
[    0.000000] Early memory node ranges
[    0.000000]   node   0: [mem 0x0000000000001000-0x000000000009efff]
[    0.000000]   node   0: [mem 0x0000000000100000-0x000000007ffeffff]
[    0.000000] Reserved but unavailable: 104 pages
[    0.000000] Initmem setup node 0 [mem 0x0000000000001000-0x000000007ffeffff]
[    0.000000] ACPI: PM-Timer IO Port: 0x4008
[    0.000000] IOAPIC[0]: apic_id 2, version 32, address 0xfec00000, GSI 0-23
[    0.000000] ACPI: INT_SRC_OVR (bus 0 bus_irq 0 global_irq 2 dfl dfl)
[    0.000000] ACPI: INT_SRC_OVR (bus 0 bus_irq 9 global_irq 9 low level)
[    0.000000] Using ACPI (MADT) for SMP configuration information
[    0.000000] smpboot: Allowing 2 CPUs, 0 hotplug CPUs
[    0.000000] PM: Registered nosave memory: [mem 0x00000000-0x00000fff]
[    0.000000] PM: Registered nosave memory: [mem 0x0009f000-0x0009ffff]
[    0.000000] PM: Registered nosave memory: [mem 0x000a0000-0x000effff]
[    0.000000] PM: Registered nosave memory: [mem 0x000f0000-0x000fffff]
[    0.000000] e820: [mem 0x80000000-0xfebfffff] available for PCI devices
[    0.000000] Booting paravirtualized kernel on KVM
[    0.000000] clocksource: refined-jiffies: mask: 0xffffffff max_cycles: 0xffffffff, max_idle_ns: 7645519600211568 ns
[    0.000000] setup_percpu: NR_CPUS:8192 nr_cpumask_bits:2 nr_cpu_ids:2 nr_node_ids:1
[    0.000000] percpu: Embedded 50 pages/cpu s167936 r8192 d28672 u1048576
[    0.000000] PV qspinlock hash table entries: 256 (order: 0, 4096 bytes)
[    0.000000] Built 1 zonelists, mobility grouping on.  Total pages: 515961
[    0.000000] Policy zone: DMA32
[    0.000000] Kernel command line: BOOT_IMAGE=/boot/vmlinuz-4.15.0-212-generic root=LABEL=cloudimg-rootfs ro console=tty1 console=ttyS0
[    0.000000] Memory: 2014836K/2096696K available (12300K kernel code, 2477K rwdata, 4324K rodata, 2480K init, 2720K bss, 81860K reserved, 0K cma-reserved)
[    0.000000] SLUB: HWalign=64, Order=0-3, MinObjects=0, CPUs=2, Nodes=1
[    0.000000] Kernel/User page tables isolation: enabled
[    0.000000] ftrace: allocating 39508 entries in 155 pages
[    0.004000] Hierarchical RCU implementation.
[    0.004000] 	RCU restricting CPUs from NR_CPUS=8192 to nr_cpu_ids=2.
[    0.004000] 	Tasks RCU enabled.
[    0.004000] RCU: Adjusting geometry for rcu_fanout_leaf=16, nr_cpu_ids=2
[    0.004000] NR_IRQS: 524544, nr_irqs: 440, preallocated irqs: 16
[    0.004000] random: crng init done
[    0.004000] Console: colour VGA+ 80x25
[    0.004000] console [tty1] enabled
[    0.004000] console [ttyS0] enabled
[    0.004000] ACPI: Core revision 20170831
[    0.004000] ACPI: 2 ACPI AML tables successfully acquired and loaded
[    0.004000] APIC: Switch to symmetric I/O mode setup
[    0.004000] x2apic enabled
[    0.004000] Switched APIC routing to physical x2apic.
[    0.004000] ..TIMER: vector=0x30 apic1=0 pin1=2 apic2=-1 pin2=-1
[    0.004000] tsc: Detected 2903.996 MHz processor
[    0.004000] Calibrating delay loop (skipped) preset value.. 5807.99 BogoMIPS (lpj=11615984)
[    0.004000] pid_max: default: 32768 minimum: 301
[    0.004000] Security Framework initialized
[    0.004000] Yama: becoming mindful.
[    0.004000] AppArmor: AppArmor initialized
[    0.004000] Dentry cache hash table entries: 262144 (order: 9, 2097152 bytes)
[    0.004000] Inode-cache hash table entries: 131072 (order: 8, 1048576 bytes)
[    0.004000] Mount-cache hash table entries: 4096 (order: 3, 32768 bytes)
[    0.004000] Mountpoint-cache hash table entries: 4096 (order: 3, 32768 bytes)
[    0.004000] Last level iTLB entries: 4KB 64, 2MB 8, 4MB 8
[    0.004000] Last level dTLB entries: 4KB 64, 2MB 0, 4MB 0, 1GB 4
[    0.004000] Spectre V1 : Mitigation: usercopy/swapgs barriers and __user pointer sanitization
[    0.004000] Spectre V2 : Mitigation: Retpolines
[    0.004000] Spectre V2 : Spectre v2 / SpectreRSB mitigation: Filling RSB on context switch
[    0.004000] Spectre V2 : Spectre v2 / SpectreRSB : Filling RSB on VMEXIT
[    0.004000] RETBleed: WARNING: Spectre v2 mitigation leaves CPU vulnerable to RETBleed attacks, data leaks possible!
[    0.004000] RETBleed: Vulnerable
[    0.004000] Speculative Store Bypass: Vulnerable
[    0.004000] MDS: Mitigation: Clear CPU buffers
[    0.004000] MMIO Stale Data: Mitigation: Clear CPU buffers
[    0.004000] SRBDS: Unknown: Dependent on hypervisor status
[    0.004160] Freeing SMP alternatives memory: 36K
[    0.124556] smpboot: CPU0: Intel(R) Core(TM) i5-10400 CPU @ 2.90GHz (family: 0x6, model: 0xa5, stepping: 0x3)
[    0.125745] Performance Events: unsupported p6 CPU model 165 no PMU driver, software events only.
[    0.126747] Hierarchical SRCU implementation.
[    0.127671] NMI watchdog: Perf event create on CPU 0 failed with -2
[    0.128000] NMI watchdog: Perf NMI watchdog permanently disabled
[    0.128032] smp: Bringing up secondary CPUs ...
[    0.128576] x86: Booting SMP configuration:
[    0.129035] .... node  #0, CPUs:      #1
[    0.004000] kvm-clock: cpu 1, msr 0:7ff44041, secondary cpu clock
[    0.132018] smp: Brought up 1 node, 2 CPUs
[    0.132505] smpboot: Max logical packages: 1
[    0.132973] smpboot: Total of 2 processors activated (11615.98 BogoMIPS)
[    0.133794] devtmpfs: initialized
[    0.133794] x86/mm: Memory block size: 128MB
[    0.133794] evm: security.selinux
[    0.133794] evm: security.SMACK64
[    0.136004] evm: security.SMACK64EXEC
[    0.136416] evm: security.SMACK64TRANSMUTE
[    0.136866] evm: security.SMACK64MMAP
[    0.137278] evm: security.apparmor
[    0.137695] evm: security.ima
[    0.138058] evm: security.capability
[    0.138510] clocksource: jiffies: mask: 0xffffffff max_cycles: 0xffffffff, max_idle_ns: 7645041785100000 ns
[    0.138510] futex hash table entries: 512 (order: 3, 32768 bytes)
[    0.140048] pinctrl core: initialized pinctrl subsystem
[    0.140723] RTC time:  3:37:57, date: 03/19/24
[    0.141322] NET: Registered protocol family 16
[    0.141901] audit: initializing netlink subsys (disabled)
[    0.142500] audit: type=2000 audit(1710819481.925:1): state=initialized audit_enabled=0 res=1
[    0.144013] cpuidle: using governor ladder
[    0.144497] cpuidle: using governor menu
[    0.145006] ACPI: bus type PCI registered
[    0.145485] acpiphp: ACPI Hot Plug PCI Controller Driver version: 0.5
[    0.146275] PCI: Using configuration type 1 for base access
[    0.146907] HugeTLB registered 2.00 MiB page size, pre-allocated 0 pages
[    0.148048] ACPI: Added _OSI(Module Device)
[    0.148511] ACPI: Added _OSI(Processor Device)
[    0.149135] ACPI: Added _OSI(3.0 _SCP Extensions)
[    0.149772] ACPI: Added _OSI(Processor Aggregator Device)
[    0.150426] ACPI: Added _OSI(Linux-Dell-Video)
[    0.150917] ACPI: Added _OSI(Linux-Lenovo-NV-HDMI-Audio)
[    0.152009] ACPI: Added _OSI(Linux-HPI-Hybrid-Graphics)
[    0.152795] ACPI: Executed 1 blocks of module-level executable AML code
[    0.156093] ACPI: Interpreter enabled
[    0.156558] ACPI: (supports S0 S5)
[    0.156956] ACPI: Using IOAPIC for interrupt routing
[    0.157684] PCI: Using host bridge windows from ACPI; if necessary, use "pci=nocrs" and report a bug
[    0.158792] ACPI: Enabled 2 GPEs in block 00 to 07
[    0.161375] ACPI: PCI Root Bridge [PCI0] (domain 0000 [bus 00-ff])
[    0.162084] acpi PNP0A03:00: _OSC: OS supports [ASPM ClockPM Segments MSI]
[    0.164248] acpi PNP0A03:00: _OSC: not requesting OS control; OS requires [ExtendedConfig ASPM ClockPM MSI]
[    0.165300] acpi PNP0A03:00: fail to add MMCONFIG information, can't access extended PCI configuration space under this bridge.
[    0.166969] PCI host bridge to bus 0000:00
[    0.168004] pci_bus 0000:00: root bus resource [io  0x0000-0x0cf7 window]
[    0.168734] pci_bus 0000:00: root bus resource [io  0x0d00-0xffff window]
[    0.169457] pci_bus 0000:00: root bus resource [mem 0x000a0000-0x000bffff window]
[    0.170348] pci_bus 0000:00: root bus resource [mem 0x80000000-0xfdffffff window]
[    0.172008] pci_bus 0000:00: root bus resource [bus 00-ff]
[    0.173973] pci 0000:00:01.1: legacy IDE quirk: reg 0x10: [io  0x01f0-0x01f7]
[    0.174779] pci 0000:00:01.1: legacy IDE quirk: reg 0x14: [io  0x03f6]
[    0.175516] pci 0000:00:01.1: legacy IDE quirk: reg 0x18: [io  0x0170-0x0177]
[    0.176003] pci 0000:00:01.1: legacy IDE quirk: reg 0x1c: [io  0x0376]
[    0.209001] pci 0000:00:07.0: quirk: [io  0x4000-0x403f] claimed by PIIX4 ACPI
[    0.209901] pci 0000:00:07.0: quirk: [io  0x4100-0x410f] claimed by PIIX4 SMB
[    0.229961] ACPI: PCI Interrupt Link [LNKA] (IRQs 5 9 10 *11)
[    0.230866] ACPI: PCI Interrupt Link [LNKB] (IRQs 5 9 *10 11)
[    0.232078] ACPI: PCI Interrupt Link [LNKC] (IRQs 5 *9 10 11)
[    0.232770] ACPI: PCI Interrupt Link [LNKD] (IRQs 5 9 10 *11)
[    0.233600] SCSI subsystem initialized
[    0.234174] pci 0000:00:02.0: vgaarb: setting as boot VGA device
[    0.234174] pci 0000:00:02.0: vgaarb: VGA device added: decodes=io+mem,owns=io+mem,locks=none
[    0.236071] pci 0000:00:02.0: vgaarb: bridge control possible
[    0.236711] vgaarb: loaded
[    0.237123] ACPI: bus type USB registered
[    0.237727] usbcore: registered new interface driver usbfs
[    0.240010] usbcore: registered new interface driver hub
[    0.240584] usbcore: registered new device driver usb
[    0.241267] EDAC MC: Ver: 3.0.0
[    0.241267] PCI: Using ACPI for IRQ routing
[    0.241267] NetLabel: Initializing
[    0.244015] NetLabel:  domain hash size = 128
[    0.244499] NetLabel:  protocols = UNLABELED CIPSOv4 CALIPSO
[    0.245152] NetLabel:  unlabeled traffic allowed by default
[    0.245755] clocksource: Switched to clocksource kvm-clock
[    0.252083] VFS: Disk quotas dquot_6.6.0
[    0.252083] VFS: Dquot-cache hash table entries: 512 (order 0, 4096 bytes)
[    0.252083] AppArmor: AppArmor Filesystem Enabled
[    0.252083] pnp: PnP ACPI init
[    0.252083] pnp: PnP ACPI: found 3 devices
[    0.264157] clocksource: acpi_pm: mask: 0xffffff max_cycles: 0xffffff, max_idle_ns: 2085701024 ns
[    0.265501] NET: Registered protocol family 2
[    0.266050] IP idents hash table entries: 32768 (order: 6, 262144 bytes)
[    0.267074] TCP established hash table entries: 16384 (order: 5, 131072 bytes)
[    0.267913] TCP bind hash table entries: 16384 (order: 6, 262144 bytes)
[    0.268741] TCP: Hash tables configured (established 16384 bind 16384)
[    0.269492] UDP hash table entries: 1024 (order: 3, 32768 bytes)
[    0.270176] UDP-Lite hash table entries: 1024 (order: 3, 32768 bytes)
[    0.270964] NET: Registered protocol family 1
[    0.271484] pci 0000:00:00.0: Limiting direct PCI/PCI transfers
[    0.272144] pci 0000:00:01.0: Activating ISA DMA hang workarounds
[    0.272610] pci 0000:00:02.0: Video device with shadowed ROM at [mem 0x000c0000-0x000dffff]
[    0.272610] Unpacking initramfs...
[    0.272610] Freeing initrd memory: 19528K
[    0.272610] clocksource: tsc: mask: 0xffffffffffffffff max_cycles: 0x29dc020bb13, max_idle_ns: 440795273180 ns
[    0.272610] platform rtc_cmos: registered platform RTC device (no PNP device found)
[    0.272610] Scanning for low memory corruption every 60 seconds
[    0.500423] Initialise system trusted keyrings
[    0.500889] Key type blacklist registered
[    0.501326] workingset: timestamp_bits=36 max_order=19 bucket_order=0
[    0.502596] zbud: loaded
[    0.503290] squashfs: version 4.0 (2009/01/31) Phillip Lougher
[    0.503966] fuse init (API version 7.26)
[    0.505377] Key type asymmetric registered
[    0.505815] Asymmetric key parser 'x509' registered
[    0.506343] Block layer SCSI generic (bsg) driver version 0.4 loaded (major 246)
[    0.507133] io scheduler noop registered
[    0.507561] io scheduler deadline registered
[    0.508026] io scheduler cfq registered (default)
[    0.508699] ACPI: AC Adapter [AC] (on-line)
[    0.509181] input: Power Button as /devices/LNXSYSTM:00/LNXPWRBN:00/input/input0
[    0.509968] ACPI: Power Button [PWRF]
[    0.510403] input: Sleep Button as /devices/LNXSYSTM:00/LNXSLPBN:00/input/input1
[    0.511324] ACPI: Sleep Button [SLPF]
[    0.511911] Serial: 8250/16550 driver, 32 ports, IRQ sharing enabled
[    0.532916] 00:02: ttyS0 at I/O 0x3f8 (irq = 4, base_baud = 115200) is a 16550A
[    0.535108] Linux agpgart interface v0.103
[    0.536360] loop: module loaded
[    0.537022] scsi host0: ata_piix
[    0.537441] scsi host1: ata_piix
[    0.537814] ata1: PATA max UDMA/33 cmd 0x1f0 ctl 0x3f6 bmdma 0xd000 irq 14
[    0.538492] ata2: PATA max UDMA/33 cmd 0x170 ctl 0x376 bmdma 0xd008 irq 15
[    0.539220] tun: Universal TUN/TAP device driver, 1.6
[    0.539777] PPP generic driver version 2.4.2
[    0.540284] ehci_hcd: USB 2.0 'Enhanced' Host Controller (EHCI) Driver
[    0.540931] ehci-pci: EHCI PCI platform driver
[    0.541401] ehci-platform: EHCI generic platform driver
[    0.541940] ohci_hcd: USB 1.1 'Open' Host Controller (OHCI) Driver
[    0.542559] ohci-pci: OHCI PCI platform driver
[    0.543033] ohci-platform: OHCI generic platform driver
[    0.543566] uhci_hcd: USB Universal Host Controller Interface driver
[    0.544253] i8042: PNP: PS/2 Controller [PNP0303:PS2K,PNP0f03:PS2M] at 0x60,0x64 irq 1,12
[    0.545494] serio: i8042 KBD port at 0x60,0x64 irq 1
[    0.546022] serio: i8042 AUX port at 0x60,0x64 irq 12
[    0.546612] mousedev: PS/2 mouse device common for all mice
[    0.547490] input: AT Translated Set 2 keyboard as /devices/platform/i8042/serio0/input/input2
[    0.548488] rtc_cmos rtc_cmos: rtc core: registered rtc_cmos as rtc0
[    0.549160] rtc_cmos rtc_cmos: alarms up to one day, 114 bytes nvram
[    0.549790] i2c /dev entries driver
[    0.550192] device-mapper: uevent: version 1.0.3
[    0.550723] device-mapper: ioctl: 4.37.0-ioctl (2017-09-20) initialised: dm-devel@redhat.com
[    0.551604] ledtrig-cpu: registered to indicate activity on CPUs
[    0.552437] NET: Registered protocol family 10
[    0.555045] Segment Routing with IPv6
[    0.555456] NET: Registered protocol family 17
[    0.555965] Key type dns_resolver registered
[    0.556603] mce: Using 0 MCE banks
[    0.556983] RAS: Correctable Errors collector initialized.
[    0.557554] sched_clock: Marking stable (556586345, 0)->(683825711, -127239366)
[    0.558503] registered taskstats version 1
[    0.558949] Loading compiled-in X.509 certificates
[    0.561088] Loaded X.509 cert 'Build time autogenerated kernel key: b5b26778eaa3ab3a4a6cee031137706e947d12ad'
[    0.562469] Loaded X.509 cert 'Canonical Ltd. Live Patch Signing: 14df34d1a87cf37625abec039ef2bf521249b969'
[    0.563839] Loaded X.509 cert 'Canonical Ltd. Kernel Module Signing: 88f752e560a1e0737e31163a466ad7b70a850c19'
[    0.564854] blacklist: Loading compiled-in revocation X.509 certificates
[    0.565518] Loaded X.509 cert 'Canonical Ltd. Secure Boot Signing: 61482aa2830d0ab2ad5af10b7250da9033ddcef0'
[    0.566483] Loaded X.509 cert 'Canonical Ltd. Secure Boot Signing (2017): 242ade75ac4a15e50d50c84b0d45ff3eae707a03'
[    0.567548] Loaded X.509 cert 'Canonical Ltd. Secure Boot Signing (ESM 2018): 365188c1d374d6b07c3c8f240f8ef722433d6a8b'
[    0.568649] Loaded X.509 cert 'Canonical Ltd. Secure Boot Signing (2019): c0746fd6c5da3ae827864651ad66ae47fe24b3e8'
[    0.569706] Loaded X.509 cert 'Canonical Ltd. Secure Boot Signing (2021 v1): a8d54bbb3825cfb94fa13c9f8a594a195c107b8d'
[    0.570790] Loaded X.509 cert 'Canonical Ltd. Secure Boot Signing (2021 v2): 4cf046892d6fd3c9a5b03f98d845f90851dc6a8c'
[    0.571859] Loaded X.509 cert 'Canonical Ltd. Secure Boot Signing (2021 v3): 100437bb6de6e469b581e61cd66bce3ef4ed53af'
[    0.572974] Loaded X.509 cert 'Canonical Ltd. Secure Boot Signing (Ubuntu Core 2019): c1d57b8f6b743f23ee41f4f7ee292f06eecadfb9'
[    0.574085] zswap: loaded using pool lzo/zbud
[    0.576808] Key type big_key registered
[    0.577228] Key type trusted registered
[    0.578572] Key type encrypted registered
[    0.579009] AppArmor: AppArmor sha1 policy hashing enabled
[    0.579567] ima: No TPM chip found, activating TPM-bypass! (rc=-19)
[    0.580224] ima: Allocated hash algorithm: sha1
[    0.580694] evm: HMAC attrs: 0x1
[    0.581174]   Magic number: 0:306:614
[    0.581579] acpi PNP0303:00: hash matches
[    0.582057] rtc_cmos rtc_cmos: setting system clock to 2024-03-19 03:37:57 UTC (1710819477)
[    0.582957] BIOS EDD facility v0.16 2004-Jun-25, 0 devices found
[    0.583561] EDD information not available.
[    0.722527] Freeing unused kernel image memory: 2480K
[    0.782479] Write protecting the kernel read-only data: 20480k
[    0.784149] Freeing unused kernel image memory: 2008K
[    0.785341] Freeing unused kernel image memory: 1820K
[    0.793057] x86/mm: Checked W+X mappings: passed, no W+X pages found.
[    0.793754] x86/mm: Checking user space page tables
[    0.801638] x86/mm: Checked W+X mappings: passed, no W+X pages found.
Loading, please wait...
starting version 237
[    0.854523] e1000: Intel(R) PRO/1000 Network Driver - version 7.3.21-k8-NAPI
[    0.855304] e1000: Copyright (c) 1999-2006 Intel Corporation.
[    0.858522] Fusion MPT base driver 3.04.20
[    0.859020] Copyright (c) 1999-2008 LSI Corporation
[    0.862433] Fusion MPT SPI Host driver 3.04.20
[    0.877468] AVX2 version of gcm_enc/dec engaged.
[    0.878157] AES CTR mode by8 optimization enabled
[    1.075728] input: ImExPS/2 Generic Explorer Mouse as /devices/platform/i8042/serio1/input/input4
[    1.293926] e1000 0000:00:03.0 eth0: (PCI:33MHz:32-bit) 02:3b:7b:b7:3b:2d
[    1.297667] e1000 0000:00:03.0 eth0: Intel(R) PRO/1000 Network Connection
[    2.449311] e1000 0000:00:08.0 eth1: (PCI:33MHz:32-bit) 08:00:27:7c:97:87
[    2.455381] e1000 0000:00:08.0 eth1: Intel(R) PRO/1000 Network Connection
[    2.459610] e1000 0000:00:08.0 enp0s8: renamed from eth1
[    2.475842] mptbase: ioc0: Initiating bringup
[    2.500886] e1000 0000:00:03.0 enp0s3: renamed from eth0
[    2.600868] ioc0: LSI53C1030 A0: Capabilities={Initiator}
[    2.848606] scsi host2: ioc0: LSI53C1030 A0, FwRev=00000000h, Ports=1, MaxQ=256, IRQ=20
[    3.021240] scsi 2:0:0:0: Direct-Access     VBOX     HARDDISK         1.0  PQ: 0 ANSI: 5
[    3.056191] scsi target2:0:0: Beginning Domain Validation
[    3.066168] scsi target2:0:0: Domain Validation skipping write tests
[    3.068178] scsi target2:0:0: Ending Domain Validation
[    3.068804] scsi target2:0:0: asynchronous
[    3.070100] scsi 2:0:1:0: Direct-Access     VBOX     HARDDISK         1.0  PQ: 0 ANSI: 5
[    3.100221] scsi target2:0:1: Beginning Domain Validation
[    3.108790] scsi target2:0:1: Domain Validation skipping write tests
[    3.111124] scsi target2:0:1: Ending Domain Validation
[    3.111695] scsi target2:0:1: asynchronous
[    3.114544] sd 2:0:0:0: Attached scsi generic sg0 type 0
[    3.114744] sd 2:0:0:0: [sda] 83886080 512-byte logical blocks: (42.9 GB/40.0 GiB)
[    3.115342] sd 2:0:1:0: Attached scsi generic sg1 type 0
[    3.116167] sd 2:0:0:0: [sda] Write Protect is off
[    3.117347] sd 2:0:1:0: [sdb] 20480 512-byte logical blocks: (10.5 MB/10.0 MiB)
[    3.117551] sd 2:0:0:0: [sda] Incomplete mode parameter data
[    3.118883] sd 2:0:0:0: [sda] Assuming drive cache: write through
[    3.118893] sd 2:0:1:0: [sdb] Write Protect is off
[    3.120234] sd 2:0:1:0: [sdb] Incomplete mode parameter data
[    3.120857] sd 2:0:1:0: [sdb] Assuming drive cache: write through
[    3.128146]  sda: sda1
[    3.128885] sd 2:0:0:0: [sda] Attached SCSI disk
[    3.129632] sd 2:0:1:0: [sdb] Attached SCSI disk
Begin: Loading essential drivers ... [    4.500065] raid6: sse2x1   gen() 13307 MB/s
[    4.548095] raid6: sse2x1   xor()  7657 MB/s
[    4.596097] raid6: sse2x2   gen() 14965 MB/s
[    4.644075] raid6: sse2x2   xor() 10906 MB/s
[    4.692076] raid6: sse2x4   gen() 18187 MB/s
[    4.740079] raid6: sse2x4   xor() 10509 MB/s
[    4.788064] raid6: avx2x1   gen() 25784 MB/s
[    4.836080] raid6: avx2x1   xor() 15680 MB/s
[    4.884092] raid6: avx2x2   gen() 27138 MB/s
[    4.932087] raid6: avx2x2   xor() 20479 MB/s
[    4.980129] raid6: avx2x4   gen() 31252 MB/s
[    5.028072] raid6: avx2x4   xor() 15054 MB/s
[    5.028705] raid6: using algorithm avx2x4 gen() 31252 MB/s
[    5.029392] raid6: .... xor() 15054 MB/s, rmw enabled
[    5.030056] raid6: using avx2x2 recovery algorithm
[    5.031681] xor: automatically using best checksumming function   avx       
[    5.033606] async_tx: api initialized (async)
done.
Begin: Running /scripts/init-premount ... done.
Begin: Mounting root file system ... Begin: Running /scripts/local-top ... done.
Begin: Running /scripts/local-premount ... [    5.072553] Btrfs loaded, crc32c=crc32c-intel
Scanning for Btrfs filesystems
done.
Warning: fsck not present, so skipping root file system
[    5.102773] EXT4-fs (sda1): mounted filesystem with ordered data mode. Opts: (null)
done.
Begin: Running /scripts/local-bottom ... done.
Begin: Running /scripts/init-bottom ... done.
[    5.297360] ip_tables: (C) 2000-2006 Netfilter Core Team
[    5.305842] systemd[1]: systemd 237 running in system mode. (+PAM +AUDIT +SELINUX +IMA +APPARMOR +SMACK +SYSVINIT +UTMP +LIBCRYPTSETUP +GCRYPT +GNUTLS +ACL +XZ +LZ4 +SECCOMP +BLKID +ELFUTILS +KMOD -IDN2 +IDN -PCRE2 default-hierarchy=hybrid)
[    5.308030] systemd[1]: Detected virtualization oracle.
[    5.308580] systemd[1]: Detected architecture x86-64.

Welcome to [1mUbuntu 18.04.6 LTS[0m!

[    5.312103] systemd[1]: Set hostname to <ubuntu>.
[    5.314170] systemd[1]: Initializing machine ID from random generator.
[    5.314865] systemd[1]: Installed transient /etc/machine-id file.
[    5.539182] systemd[1]: Set up automount Arbitrary Executable File Formats File System Automount Point.
[[0;32m  OK  [0m] Set up automount Arbitrary Executab…rmats File System Automount Point.
[    5.541806] systemd[1]: Created slice System Slice.
[[0;32m  OK  [0m] Created slice System Slice.
[    5.542748] systemd[1]: Reached target Swap.
[[0;32m  OK  [0m] Reached target Swap.
[    5.543614] systemd[1]: Listening on Journal Socket.
[[0;32m  OK  [0m] Listening on Journal Socket.
         Mounting POSIX Message Queue File System...
[[0;32m  OK  [0m] Listening on Journal Audit Socket.
         Mounting Huge Pages File System...
[[0;32m  OK  [0m] Listening on Syslog Socket.
[[0;32m  OK  [0m] Reached target Mounting snaps.
[[0;32m  OK  [0m] Listening on fsck to fsckd communication Socket.
[[0;32m  OK  [0m] Reached target Mounted snaps.
[[0;32m  OK  [0m] Listening on /dev/initctl Compatibility Named Pipe.
[[0;32m  OK  [0m] Reached target System Time Synchronized.
         Starting File System Check on Root Device...
[[0;32m  OK  [0m] Created slice system-serial\x2dgetty.slice.
         Starting Set the console keyboard layout...
[[0;32m  OK  [0m] Listening on Journal Socket (/dev/log).
[[0;32m  OK  [0m] Created slice User and Session Slice.
[[0;32m  OK  [0m] Reached target Slices.
         Starting Load Kernel Modules...
[[0;32m  OK  [0m] Listening on Device-mapper event daemon FIFOs.
         Mounting Kernel Debug File System...
[[0;32m  OK  [0m] Started Forward Password Requests to Wall Directory Watch.
[[0;32m  OK  [0m] Listening on LVM2 metadata daemon socket.
         Starting Uncomplicated firewall...
[[0;32m  OK  [0m] Reached target User and Group Name Lookups.
[[0;32m  OK  [0m] Listening on udev Kernel Socket.
         Starting Journal Service...
[[0;32m  OK  [0m] Listening on Network Service Netlink Socket.
[[0;32m  OK  [0m] Listening on udev Control Socket.
         Starting udev Coldplug all Devices...
[[0;32m  OK  [0m] Listening on LVM2 poll daemon socket.
         Starting Create list of required st…ce nodes for the current kernel...
         Starting Monitoring of LVM2 mirrors…ng dmeventd or progress polling...
[    5.646891] Loading iSCSI transport class v2.0-870.
[[0;32m  OK  [0m] Mounted POSIX Message Queue File System.
[[0;32m  OK  [0m] Mounted Huge Pages File System.
[[0;32m  OK  [0m] Started File System Check on Root Device.
[[0;32m  OK  [0m] Mounted Kernel Debug File System.
[[0;32m  OK  [0m] Started Uncomplicated firewall.
[[0;32m  OK  [0m] Started File System Check Daemon to report status.
         Starting Remount Root and Kernel File Systems...
[[0;32m  OK  [0m] Started Journal Service.
[[0;32m  OK  [0m] Started Create list of required sta…vice nodes for the current kernel.
         Starting Create Static Device Nodes in /dev...
[[0;32m  OK  [0m] Started udev Coldplug all Devices.
[[0;32m  OK  [0m] Started LVM2 metadata daemon.
[    5.730814] iscsi: registered transport (tcp)
[    5.753815] iscsi: registered transport (iser)
[[0;32m  OK  [0m] Started Load Kernel Modules.
         Mounting Kernel Configuration File System...
         Starting Apply Kernel Variables...
         Mounting FUSE Control File System...
[[0;32m  OK  [0m] Mounted Kernel Configuration File System.
[[0;32m  OK  [0m] Mounted FUSE Control File System.
[[0;32m  OK  [0m] Started Create Static Device Nodes in /dev.
[[0;32m  OK  [0m] Started Remount Root and Kernel File Systems.
         Starting Load/Save Random Seed...
         Starting udev Kernel Device Manager...
         Starting Flush Journal to Persistent Storage...
[[0;32m  OK  [0m] Started Monitoring of LVM2 mirrors,…sing dmeventd or progress polling.
[[0;32m  OK  [0m] Started Apply Kernel Variables.
[[0;32m  OK  [0m] Started Load/Save Random Seed.
[[0;32m  OK  [0m] Started udev Kernel Device Manager.
[[0;32m  OK  [0m] Started Flush Journal to Persistent Storage.
[[0;32m  OK  [0m] Found device /dev/ttyS0.
[[0;32m  OK  [0m] Listening on Load/Save RF Kill Switch Status /dev/rfkill Watch.
         Mounting Arbitrary Executable File Formats File System...
[[0;32m  OK  [0m] Mounted Arbitrary Executable File Formats File System.
[[0;32m  OK  [0m] Started Set the console keyboard layout.
[[0;32m  OK  [0m] Started Dispatch Password Requests to Console Directory Watch.
[[0;32m  OK  [0m] Reached target Local Encrypted Volumes.
[[0;32m  OK  [0m] Reached target Local File Systems (Pre).
[[0;32m  OK  [0m] Reached target Local File Systems.
         Starting Tell Plymouth To Write Out Runtime Data...
         Starting Create Volatile Files and Directories...
         Starting ebtables ruleset management...
         Starting AppArmor initialization...
         Starting Commit a transient machine-id on disk...
         Starting Set console font and keymap...
[[0;32m  OK  [0m] Started Tell Plymouth To Write Out Runtime Data.
[[0;32m  OK  [0m] Started Create Volatile Files and Directories.
         Starting Update UTMP about System Boot/Shutdown...
[[0;32m  OK  [0m] Started Update UTMP about System Boot/Shutdown.
[[0;32m  OK  [0m] Started Commit a transient machine-id on disk.
[[0;32m  OK  [0m] Started ebtables ruleset management.
[[0;32m  OK  [0m] Started AppArmor initialization.
         Starting Load AppArmor profiles managed internally by snapd...
         Starting Initial cloud-init job (pre-networking)...
[[0;32m  OK  [0m] Started Load AppArmor profiles managed internally by snapd.
[[0;32m  OK  [0m] Started Set console font and keymap.
[    8.511852] cloud-init[865]: Cloud-init v. 23.1.2-0ubuntu0~18.04.1 running 'init-local' at Tue, 19 Mar 2024 03:38:05 +0000. Up 8.27 seconds.
[[0;32m  OK  [0m] Started Initial cloud-init job (pre-networking).
[[0;32m  OK  [0m] Reached target Network (Pre).
         Starting Network Service...
[[0;32m  OK  [0m] Started Network Service.
         Starting Network Name Resolution...
         Starting Wait for Network to be Configured...
[[0;32m  OK  [0m] Started Network Name Resolution.
[[0;32m  OK  [0m] Reached target Network.
[[0;32m  OK  [0m] Reached target Host and Network Name Lookups.
[[0;32m  OK  [0m] Started Wait for Network to be Configured.
         Starting Initial cloud-init job (metadata service crawler)...
[   10.968796] cloud-init[1026]: Cloud-init v. 23.1.2-0ubuntu0~18.04.1 running 'init' at Tue, 19 Mar 2024 03:38:07 +0000. Up 10.82 seconds.
[   10.969764] cloud-init[1026]: ci-info: ++++++++++++++++++++++++++++++++++++++Net device info+++++++++++++++++++++++++++++++++++++++
[   10.970536] cloud-init[1026]: ci-info: +--------+-------+----------------------------+---------------+--------+-------------------+
[   10.971343] cloud-init[1026]: ci-info: | Device |   Up  |          Address           |      Mask     | Scope  |     Hw-Address    |
[   10.972105] cloud-init[1026]: ci-info: +--------+-------+----------------------------+---------------+--------+-------------------+
[   10.972850] cloud-init[1026]: ci-info: | enp0s3 |  True |         10.0.2.15          | 255.255.255.0 | global | 02:3b:7b:b7:3b:2d |
[   10.973591] cloud-init[1026]: ci-info: | enp0s3 |  True | fe80::3b:7bff:feb7:3b2d/64 |       .       |  link  | 02:3b:7b:b7:3b:2d |
[   10.974422] cloud-init[1026]: ci-info: | enp0s8 | False |             .              |       .       |   .    | 08:00:27:7c:97:87 |
[   10.975243] cloud-init[1026]: ci-info: |   lo   |  True |         127.0.0.1          |   255.0.0.0   |  host  |         .         |
[   10.976046] cloud-init[1026]: ci-info: |   lo   |  True |          ::1/128           |       .       |  host  |         .         |
[   10.978739] cloud-init[1026]: ci-info: +--------+-------+----------------------------+---------------+--------+-------------------+
[   10.979523] cloud-init[1026]: ci-info: ++++++++++++++++++++++++++++Route IPv4 info+++++++++++++++++++++++++++++
[   10.980225] cloud-init[1026]: ci-info: +-------+-------------+----------+-----------------+-----------+-------+
[   10.980901] cloud-init[1026]: ci-info: | Route | Destination | Gateway  |     Genmask     | Interface | Flags |
[   10.981582] cloud-init[1026]: ci-info: +-------+-------------+----------+-----------------+-----------+-------+
[   10.982253] cloud-init[1026]: ci-info: |   0   |   0.0.0.0   | 10.0.2.2 |     0.0.0.0     |   enp0s3  |   UG  |
[   10.982940] cloud-init[1026]: ci-info: |   1   |   10.0.2.0  | 0.0.0.0  |  255.255.255.0  |   enp0s3  |   U   |
[   10.983702] cloud-init[1026]: ci-info: |   2   |   10.0.2.2  | 0.0.0.0  | 255.255.255.255 |   enp0s3  |   UH  |
[   10.984594] cloud-init[1026]: ci-info: +-------+-------------+----------+-----------------+-----------+-------+
[   10.985262] cloud-init[1026]: ci-info: +++++++++++++++++++Route IPv6 info+++++++++++++++++++
[   10.985812] cloud-init[1026]: ci-info: +-------+-------------+---------+-----------+-------+
[   10.986375] cloud-init[1026]: ci-info: | Route | Destination | Gateway | Interface | Flags |
[   10.987016] cloud-init[1026]: ci-info: +-------+-------------+---------+-----------+-------+
[   10.987638] cloud-init[1026]: ci-info: |   1   |  fe80::/64  |    ::   |   enp0s3  |   U   |
[   10.988380] cloud-init[1026]: ci-info: |   3   |    local    |    ::   |   enp0s3  |   U   |
[   10.988958] cloud-init[1026]: ci-info: |   4   |   ff00::/8  |    ::   |   enp0s3  |   U   |
[   10.989562] cloud-init[1026]: ci-info: +-------+-------------+---------+-----------+-------+
[   11.734746] cloud-init[1026]: Generating public/private rsa key pair.
[   11.735446] cloud-init[1026]: Your identification has been saved in /etc/ssh/ssh_host_rsa_key.
[   11.736286] cloud-init[1026]: Your public key has been saved in /etc/ssh/ssh_host_rsa_key.pub.
[   11.737112] cloud-init[1026]: The key fingerprint is:
[   11.737661] cloud-init[1026]: SHA256:zkdxb8wYFk1Vohhgd0GvuP6nNZnJBffTjypXJEPbIps root@ubuntu-bionic
[   11.756278] cloud-init[1026]: The key's randomart image is:
[   11.756744] cloud-init[1026]: +---[RSA 2048]----+
[   11.757115] cloud-init[1026]: |        o.o.=+o.+|
[   11.757488] cloud-init[1026]: |       . . +.+.. |
[   11.757860] cloud-init[1026]: |          o.=oo .|
[   11.758234] cloud-init[1026]: |          .==Booo|
[   11.758599] cloud-init[1026]: |        S o+o==.+|
[   11.758975] cloud-init[1026]: |       o .E. o.*o|
[   11.759349] cloud-init[1026]: |        o o  .O .|
[   11.759701] cloud-init[1026]: |         o. .o.. |
[   11.760061] cloud-init[1026]: |          .++o   |
[   11.760451] cloud-init[1026]: +----[SHA256]-----+
[   11.760898] cloud-init[1026]: Generating public/private dsa key pair.
[   11.761507] cloud-init[1026]: Your identification has been saved in /etc/ssh/ssh_host_dsa_key.
[   11.762293] cloud-init[1026]: Your public key has been saved in /etc/ssh/ssh_host_dsa_key.pub.
[   11.763056] cloud-init[1026]: The key fingerprint is:
[   11.763584] cloud-init[1026]: SHA256:EI9z4xa+JOLZ6IZvD45rn88Nwug5kATypNzsg00jOJM root@ubuntu-bionic
[   11.788156] cloud-init[1026]: The key's randomart image is:
[   11.788664] cloud-init[1026]: +---[DSA 1024]----+
[   11.789082] cloud-init[1026]: |      .          |
[   11.789522] cloud-init[1026]: |o .    +         |
[   11.789898] cloud-init[1026]: |==o   + =        |
[   11.790263] cloud-init[1026]: |E+.=   * o       |
[   11.790630] cloud-init[1026]: |.+* o . S        |
[   11.791039] cloud-init[1026]: |o. B = + .       |
[   11.791473] cloud-init[1026]: | ...O o .        |
[   11.791934] cloud-init[1026]: | .+=o= o         |
[   11.792288] cloud-init[1026]: | .=B*o+ .        |
[   11.792635] cloud-init[1026]: +----[SHA256]-----+
[   11.812115] cloud-init[1026]: Generating public/private ecdsa key pair.
[   11.812649] cloud-init[1026]: Your identification has been saved in /etc/ssh/ssh_host_ecdsa_key.
[   11.813288] cloud-init[1026]: Your public key has been saved in /etc/ssh/ssh_host_ecdsa_key.pub.
[   11.813906] cloud-init[1026]: The key fingerprint is:
[   11.814301] cloud-init[1026]: SHA256:EXL+KT1xAZ9X8dq8yQwM18cidQTeqFl72ROqs2cylFI root@ubuntu-bionic
[   11.814981] cloud-init[1026]: The key's randomart image is:
[   11.815417] cloud-init[1026]: +---[ECDSA 256]---+
[   11.815824] cloud-init[1026]: |      . o ... o+=|
[   11.816214] cloud-init[1026]: |       + . . =.*.|
[   11.816617] cloud-init[1026]: |        o ..=.*o=|
[   11.817280] cloud-init[1026]: |         + E+*.*=|
[[   11.817724] cloud-init[1026]: |        S * ++oo=|
[   11.817790] cloud-init[1026]: |         o +. +.+|
[   11.818034] cloud-init[1026]: |          oo   = |
[   11.818291] cloud-init[1026]: |           ooo   |
[   11.818524] cloud-init[1026]: |           .=    |
[   11.818765] cloud-init[1026]: +----[SHA256]-----+
[   11.819014] cloud-init[1026]: Generating public/private ed25519 key pair.
[   11.819263] cloud-init[1026]: Your identification has been saved in /etc/ssh/ssh_host_ed25519_key.
[   11.819503] cloud-init[1026]: Your public key has been saved in /etc/ssh/ssh_host_ed25519_key.pub.
[   11.819759] cloud-init[1026]: The key fingerprint is:
[   11.820262] cloud-init[1026]: SHA256:DWuzIfwInZ8ZKJUzEoPZghrRaBfHauEqTXbM+iMoxi4 root@ubuntu-bionic
[   11.820496] cloud-init[1026]: The key's randomart image is:
[   11.820741] cloud-init[1026]: +--[ED25519 256]--+
[   11.821001] cloud-init[1026]: |.= ==.           |
[   11.821172] cloud-init[1026]: |+.=oo+ .         |
[   11.821415] cloud-init[1026]: |o.o++ = .        |
[   11.821597] cloud-init[1026]: |. o++= = +       |
[   11.821763] cloud-init[1026]: | +ooo * S .      |
[   11.822005] cloud-init[1026]: |..o  o * B       |
[   11.822253] cloud-init[1026]: |o. .  . *        |
[   11.822504] cloud-init[1026]: |Eo. o            |
[   11.822806] cloud-init[1026]: |=. . .           |
[   11.822996] cloud-init[1026]: +----[SHA256]-----+
[0;32m  OK  [0m] Started Initial cloud-init job (metadata service crawler).
[[0;32m  OK  [0m] Reached target Cloud-config availability.
[[0;32m  OK  [0m] Reached target Network is Online.
[[0;32m  OK  [0m] Reached target Remote File Systems (Pre).
[[0;32m  OK  [0m] Reached target Remote File Systems.
         Starting Availability of block devices...
[[0;32m  OK  [0m] Reached target System Initialization.
[[0;32m  OK  [0m] Started Daily Cleanup of Temporary Directories.
[[0;32m  OK  [0m] Started Ubuntu Advantage Timer for running repeated jobs.
[[0;32m  OK  [0m] Started Message of the Day.
         Starting LXD - unix socket.
[[0;32m  OK  [0m] Listening on cloud-init hotplug hook socket.
[[0;32m  OK  [0m] Started Discard unused blocks once a week.
[[0;32m  OK  [0m] Listening on UUID daemon activation socket.
         Starting Socket activation for snappy daemon.
[[0;32m  OK  [0m] Listening on D-Bus System Message Bus Socket.
[[0;32m  OK  [0m] Started ACPI Events Check.
[[0;32m  OK  [0m] Reached target Paths.
[[0;32m  OK  [0m] Listening on Open-iSCSI iscsid Socket.
[[0;32m  OK  [0m] Listening on ACPID Listen Socket.
[[0;32m  OK  [0m] Started Daily apt download activities.
[[0;32m  OK  [0m] Started Daily apt upgrade and clean activities.
[[0;32m  OK  [0m] Reached target Timers.
[[0;32m  OK  [0m] Listening on LXD - unix socket.
[[0;32m  OK  [0m] Listening on Socket activation for snappy daemon.
[[0;32m  OK  [0m] Reached target Sockets.
[[0;32m  OK  [0m] Reached target Basic System.
         Starting LSB: Record successful boot for GRUB...
         Starting LSB: automatic crash report generation...
         Starting Permit User Sessions...
[[0;32m  OK  [0m] Started FUSE filesystem for LXC.
         Starting Virtualbox guest utils...
         Starting System Logging Service...
[[0;32m  OK  [0m] Started irqbalance daemon.
         Starting Pollinate to seed the pseudo random number generator...
[[0;32m  OK  [0m] Reached target Login Prompts (Pre).
[[0;32m  OK  [0m] Started Regular background program processing daemon.
         Starting Dispatcher daemon for systemd-networkd...
         Starting Snap Daemon...
         Starting Login Service...
[[0;32m  OK  [0m] Started Deferred execution scheduler.
         Starting LXD - container startup/shutdown...
[[0;32m  OK  [0m] Started D-Bus System Message Bus.
         Starting Accounts Service...
[[0;32m  OK  [0m] Started System Logging Service.
[[0;32m  OK  [0m] Started Availability of block devices.
[[0;32m  OK  [0m] Started Permit User Sessions.
[[0;32m  OK  [0m] Started Login Service.
[[0;32m  OK  [0m] Started Unattended Upgrades Shutdown.
         Starting Hold until boot process finishes up...
         Starting Terminate Plymouth Boot Screen...
[[0;32m  OK  [0m] Started Hold until boot process finishes up.
         Starting Set console scheme...
[[0;32m  OK  [0m] Started Serial Getty on ttyS0.
[[0;32m  OK  [0m] Started Terminate Plymouth Boot Screen.
[[0;32m  OK  [0m] Started LSB: automatic crash report generation.
[[0;32m  OK  [0m] Started Set console scheme.
[[0;32m  OK  [0m] Created slice system-getty.slice.
[[0;32m  OK  [0m] Started Getty on tty1.
[[0;32m  OK  [0m] Reached target Login Prompts.
[[0;32m  OK  [0m] Started LSB: Record successful boot for GRUB.
[[0;32m  OK  [0m] Started Virtualbox guest utils.
         Starting Authorization Manager...
[[0;32m  OK  [0m] Started LXD - container startup/shutdown.
[[0;32m  OK  [0m] Started Authorization Manager.
[[0;32m  OK  [0m] Started Accounts Service.
[[0;32m  OK  [0m] Started Dispatcher daemon for systemd-networkd.
[[0;32m  OK  [0m] Started Snap Daemon.
         Starting Wait until snapd is fully seeded...
         Starting Time & Date Service...
[[0;32m  OK  [0m] Started Time & Date Service.
[[0;32m  OK  [0m] Started Pollinate to seed the pseudo random number generator.
         Starting OpenBSD Secure Shell server...
[[0;32m  OK  [0m] Started OpenBSD Secure Shell server.
[[0;32m  OK  [0m] Created slice User Slice of vagrant.
         Starting User Manager for UID 1000...
[[0;32m  OK  [0m] Started Session 1 of user vagrant.
[[0;32m  OK  [0m] Started User Manager for UID 1000.

Ubuntu 18.04.6 LTS ubuntu-bionic ttyS0

ubuntu-bionic login: [   18.300872] cloud-init[1828]: Cloud-init v. 23.1.2-0ubuntu0~18.04.1 running 'modules:config' at Tue, 19 Mar 2024 03:38:14 +0000. Up 17.91 seconds.
ci-info: no authorized SSH keys fingerprints found for user ubuntu.
<14>Mar 19 03:38:15 cloud-init: #############################################################
<14>Mar 19 03:38:15 cloud-init: -----BEGIN SSH HOST KEY FINGERPRINTS-----
<14>Mar 19 03:38:15 cloud-init: 1024 SHA256:EI9z4xa+JOLZ6IZvD45rn88Nwug5kATypNzsg00jOJM root@ubuntu-bionic (DSA)
<14>Mar 19 03:38:15 cloud-init: 256 SHA256:EXL+KT1xAZ9X8dq8yQwM18cidQTeqFl72ROqs2cylFI root@ubuntu-bionic (ECDSA)
<14>Mar 19 03:38:15 cloud-init: 256 SHA256:DWuzIfwInZ8ZKJUzEoPZghrRaBfHauEqTXbM+iMoxi4 root@ubuntu-bionic (ED25519)
<14>Mar 19 03:38:15 cloud-init: 2048 SHA256:zkdxb8wYFk1Vohhgd0GvuP6nNZnJBffTjypXJEPbIps root@ubuntu-bionic (RSA)
<14>Mar 19 03:38:15 cloud-init: -----END SSH HOST KEY FINGERPRINTS-----
<14>Mar 19 03:38:15 cloud-init: #############################################################
-----BEGIN SSH HOST KEY KEYS-----
ecdsa-sha2-nistp256 AAAAE2VjZHNhLXNoYTItbmlzdHAyNTYAAAAIbmlzdHAyNTYAAABBBIFfC6Jn/cHYCUwoNdhXzF1a4/PI/SIfibUp/t4N7iV3xNkd4gIGzHn3Jkn1Ah1oCjul8q7hgVjG59J52YgGuRQ= root@ubuntu-bionic
ssh-ed25519 AAAAC3NzaC1lZDI1NTE5AAAAIIqmP9eoiolZcwfP3REkxFpgRJXU+MSlYUXUeAOFYqP+ root@ubuntu-bionic
ssh-rsa AAAAB3NzaC1yc2EAAAADAQABAAABAQDeg/Nyk86r8A61F0SZxHijXnNI9HvU515El/EpPSMOnRFQqbHMTgA/RnrB7zVvcBB8A43lGS/mXagswThJaJ57Fb06XeC00FQRTIzkkr5KMUZlDtotBW2uJn5gN6Bk+HwVdhbQyKGuymg0C+0d1N6E3XJpZFyiaRoXhogz7pypqV2SClEr/ypGFvWVopE4RAfewVWhjemXn5s53Rg0XfR2nWAFDmXyRqVEE9DesJ7+zfnjj6viFrsd6gjRFZG27S9Rv0aMBAAh76im4dh9oyKDMl46CJYfO67acpbECSO7+Z7jltXsWgdm5Vo4/iEHJpote1vQ/YFnA/460S9ae3dF root@ubuntu-bionic
-----END SSH HOST KEY KEYS-----
[   18.960920] cloud-init[1933]: Cloud-init v. 23.1.2-0ubuntu0~18.04.1 running 'modules:final' at Tue, 19 Mar 2024 03:38:15 +0000. Up 18.80 seconds.
[   18.961889] cloud-init[1933]: Cloud-init v. 23.1.2-0ubuntu0~18.04.1 finished at Tue, 19 Mar 2024 03:38:15 +0000. Datasource DataSourceNoCloud [seed=/dev/sdb][dsmode=net].  Up 18.95 seconds
[ 4470.667714] e1000 0000:00:08.0 enp0s8: Reset adapter
                                                                                                                                                          [19155.447375] e1000 0000:00:08.0 enp0s8: Reset adapter
